<?xml version="1.0" encoding="UTF-8"?>
<testsuite name="co.com.nequi.mongo.config.MongoConfigTest" tests="2" skipped="0" failures="0" errors="0" timestamp="2025-03-24T00:31:13" hostname="MacBook-Pro-de-PC.local" time="1.718">
  <properties/>
  <testcase name="testMongoProperties()" classname="co.com.nequi.mongo.config.MongoConfigTest" time="1.704"/>
  <testcase name="dbSecretTest()" classname="co.com.nequi.mongo.config.MongoConfigTest" time="0.01"/>
  <system-out><![CDATA[]]></system-out>
  <system-err><![CDATA[]]></system-err>
</testsuite>
