<?xml version="1.0" encoding="UTF-8"?>
<testsuite name="co.com.nequi.ArchitectureTest" tests="6" skipped="0" failures="0" errors="0" timestamp="2025-03-24T00:31:19" hostname="MacBook-Pro-de-PC.local" time="0.382">
  <properties/>
  <testcase name="domainClassesShouldNotBeNamedWithToolNames()" classname="co.com.nequi.ArchitectureTest" time="0.093"/>
  <testcase name="domainClassesShouldNotHaveFieldsNamedWithToolNames()" classname="co.com.nequi.ArchitectureTest" time="0.025"/>
  <testcase name="useCaseFinalFields()" classname="co.com.nequi.ArchitectureTest" time="0.006"/>
  <testcase name="beansShouldOnlyHaveFinalFields()" classname="co.com.nequi.ArchitectureTest" time="0.015"/>
  <testcase name="reactiveFlowsShouldUseAwsAsyncClients()" classname="co.com.nequi.ArchitectureTest" time="0.052"/>
  <testcase name="domainClassesShouldNotBeNamedWithTechSuffixes()" classname="co.com.nequi.ArchitectureTest" time="0.002"/>
  <system-out><![CDATA[19:31:15.779 [Test worker] INFO com.tngtech.archunit.core.PluginLoader -- Detected Java version 21.0.5
]]></system-out>
  <system-err><![CDATA[]]></system-err>
</testsuite>
