<?xml version="1.0" encoding="UTF-8"?>
<testsuite name="co.com.nequi.config.ObjectMapperConfigTest" tests="1" skipped="0" failures="0" errors="0" timestamp="2025-03-24T00:31:20" hostname="MacBook-Pro-de-PC.local" time="0.68">
  <properties/>
  <testcase name="testObjectMapperBean()" classname="co.com.nequi.config.ObjectMapperConfigTest" time="0.68"/>
  <system-out><![CDATA[]]></system-out>
  <system-err><![CDATA[]]></system-err>
</testsuite>
